[debug] [2021-01-29T02:50:14.113Z] ----------------------------------------------------------------------
[debug] [2021-01-29T02:50:14.115Z] Command:       C:\Program Files\nodejs\node.exe C:\Users\Siamdapp\AppData\Roaming\npm\node_modules\firebase-tools\lib\bin\firebase.js init
[debug] [2021-01-29T02:50:14.115Z] CLI Version:   9.2.2
[debug] [2021-01-29T02:50:14.115Z] Platform:      win32
[debug] [2021-01-29T02:50:14.115Z] Node Version:  v12.16.3
[debug] [2021-01-29T02:50:14.116Z] Time:          Fri Jan 29 2021 09:50:14 GMT+0700 (GMT+07:00)
[debug] [2021-01-29T02:50:14.117Z] ----------------------------------------------------------------------
[debug] [2021-01-29T02:50:14.117Z] 
[debug] [2021-01-29T02:50:14.122Z] > command requires scopes: ["email","openid","https://www.googleapis.com/auth/cloudplatformprojects.readonly","https://www.googleapis.com/auth/firebase","https://www.googleapis.com/auth/cloud-platform"]
[debug] [2021-01-29T02:50:14.122Z] > authorizing via signed-in user
[info] 
     ######## #### ########  ######## ########     ###     ######  ########
     ##        ##  ##     ## ##       ##     ##  ##   ##  ##       ##
     ######    ##  ########  ######   ########  #########  ######  ######
     ##        ##  ##    ##  ##       ##     ## ##     ##       ## ##
     ##       #### ##     ## ######## ########  ##     ##  ######  ########

You're about to initialize a Firebase project in this directory:

  C:\Users\Siamdapp\Desktop\Champ-Bootstrap

[info] 
=== Project Setup
[info] 
[info] First, let's associate this project directory with a Firebase project.
[info] You can create multiple project aliases by running firebase use --add, 
[info] but for now we'll just set up a default project.
[info] 
[debug] [2021-01-29T02:52:42.788Z] >>> [apiv2][query] GET https://firebase.googleapis.com/v1beta1/projects pageSize=100
[debug] [2021-01-29T02:52:43.294Z] <<< [apiv2][status] GET https://firebase.googleapis.com/v1beta1/projects 200
[debug] [2021-01-29T02:52:43.294Z] <<< [apiv2][body] GET https://firebase.googleapis.com/v1beta1/projects [omitted]
[info] i  Using project champ-d72ed (Champ) 
[info] 
=== Hosting Setup
[info] 
[info] Your public directory is the folder (relative to your project directory) that
[info] will contain Hosting assets to be uploaded with firebase deploy. If you
[info] have a build process for your assets, use your build's output directory.
[info] 
[debug] [2021-01-29T03:15:07.469Z] >>> [apiv2][query] GET https://www.gstatic.com/firebasejs/releases.json [none]
[debug] [2021-01-29T03:15:07.598Z] <<< [apiv2][status] GET https://www.gstatic.com/firebasejs/releases.json 200
[debug] [2021-01-29T03:15:07.599Z] <<< [apiv2][body] GET https://www.gstatic.com/firebasejs/releases.json {"current":{"version":"8.2.4","browserURL":"https://www.gstatic.com/firebasejs/8.2.4/firebase.js","packageURL":"https://www.gstatic.com/firebasejs/8.2.4/firebase.tgz"},"live":{"version":"8.2","browserURL":"https://www.gstatic.com/firebasejs/live/8.2/firebase.js","packageURL":"https://www.gstatic.com/firebasejs/live/8.2/firebase.tgz"},"components":{"analytics":"https://www.gstatic.com/firebasejs/8.2.4/firebase-analytics.js","app":"https://www.gstatic.com/firebasejs/8.2.4/firebase-app.js","auth":"https://www.gstatic.com/firebasejs/8.2.4/firebase-auth.js","database":"https://www.gstatic.com/firebasejs/8.2.4/firebase-database.js","firestore":"https://www.gstatic.com/firebasejs/8.2.4/firebase-firestore.js","functions":"https://www.gstatic.com/firebasejs/8.2.4/firebase-functions.js","installations":"https://www.gstatic.com/firebasejs/8.2.4/firebase-installations.js","messaging":"https://www.gstatic.com/firebasejs/8.2.4/firebase-messaging.js","storage":"https://www.gstatic.com/firebasejs/8.2.4/firebase-storage.js","performance":"https://www.gstatic.com/firebasejs/8.2.4/firebase-performance.js","remote-config":"https://www.gstatic.com/firebasejs/8.2.4/firebase-remote-config.js","firestore.memory":"https://www.gstatic.com/firebasejs/8.2.4/firebase-firestore.memory.js"}}
[info] +  Wrote app_deploy_firebase/index.html 
[info] 
[info] i  Didn't detect a .git folder. Assuming C:\Users\Siamdapp\Desktop\Champ-Bootstrap is the project root. 
[info] i  Authorizing with GitHub to upload your service account to a GitHub repository's secrets store. 
[info] 
[info] Visit this URL on this device to log in:
[info] https://github.com/login/oauth/authorize?client_id=89cf50f02ac6aaed3484&state=2490185&redirect_uri=http%3A%2F%2Flocalhost%3A9005&scope=read%3Auser%20repo%20public_repo
[info] 
[info] Waiting for authentication...
[debug] [2021-01-29T03:15:30.056Z] >>> HTTP REQUEST POST https://github.com/login/oauth/access_token  
 {"client_id":"89cf50f02ac6aaed3484","client_secret":"3330d14abc895d9a74d5f17cd7a00711fa2c5bf0","code":"99f3668d2adb520f9537","redirect_uri":"http://localhost:9005","state":"2490185"}
[debug] [2021-01-29T03:15:30.657Z] <<< HTTP RESPONSE 200 {"date":"Fri, 29 Jan 2021 03:15:29 GMT","content-type":"application/json; charset=utf-8","transfer-encoding":"chunked","server":"GitHub.com","status":"200 OK","vary":"X-PJAX, Accept-Encoding, Accept, X-Requested-With, Accept-Encoding","etag":"W/\"572476c84c2f24d589b1b2972ea88398\"","cache-control":"max-age=0, private, must-revalidate","strict-transport-security":"max-age=31536000; includeSubdomains; preload","x-frame-options":"deny","x-content-type-options":"nosniff","x-xss-protection":"1; mode=block","referrer-policy":"origin-when-cross-origin, strict-origin-when-cross-origin","expect-ct":"max-age=2592000, report-uri=\"https://api.github.com/_private/browser/errors\"","content-security-policy":"default-src 'none'; base-uri 'self'; block-all-mixed-content; connect-src 'self' uploads.github.com www.githubstatus.com collector.githubapp.com api.github.com github-cloud.s3.amazonaws.com github-production-repository-file-5c1aeb.s3.amazonaws.com github-production-upload-manifest-file-7fdce7.s3.amazonaws.com github-production-user-asset-6210df.s3.amazonaws.com cdn.optimizely.com logx.optimizely.com/v1/events wss://alive.github.com; font-src github.githubassets.com; form-action 'self' github.com gist.github.com; frame-ancestors 'none'; frame-src render.githubusercontent.com; img-src 'self' data: github.githubassets.com identicons.github.com collector.githubapp.com github-cloud.s3.amazonaws.com *.githubusercontent.com; manifest-src 'self'; media-src 'none'; script-src github.githubassets.com; style-src 'unsafe-inline' github.githubassets.com; worker-src github.com/socket-worker-5029ae85.js gist.github.com/socket-worker-5029ae85.js","x-github-request-id":"E284:05FF:C435D:DFFE3:60137DD0"}
[debug] [2021-01-29T03:15:30.659Z] >>> [apiv2][query] GET https://api.github.com/user [none]
[debug] [2021-01-29T03:15:31.118Z] <<< [apiv2][status] GET https://api.github.com/user 200
[debug] [2021-01-29T03:15:31.119Z] <<< [apiv2][body] GET https://api.github.com/user {"login":"Pthipkump","id":53847616,"node_id":"MDQ6VXNlcjUzODQ3NjE2","avatar_url":"https://avatars.githubusercontent.com/u/53847616?v=4","gravatar_id":"","url":"https://api.github.com/users/Pthipkump","html_url":"https://github.com/Pthipkump","followers_url":"https://api.github.com/users/Pthipkump/followers","following_url":"https://api.github.com/users/Pthipkump/following{/other_user}","gists_url":"https://api.github.com/users/Pthipkump/gists{/gist_id}","starred_url":"https://api.github.com/users/Pthipkump/starred{/owner}{/repo}","subscriptions_url":"https://api.github.com/users/Pthipkump/subscriptions","organizations_url":"https://api.github.com/users/Pthipkump/orgs","repos_url":"https://api.github.com/users/Pthipkump/repos","events_url":"https://api.github.com/users/Pthipkump/events{/privacy}","received_events_url":"https://api.github.com/users/Pthipkump/received_events","type":"User","site_admin":false,"name":"Punnawat Thipkump","company":null,"blog":"","location":null,"email":null,"hireable":null,"bio":"QA Engineer","twitter_username":null,"public_repos":2,"public_gists":0,"followers":0,"following":0,"created_at":"2019-08-07T03:36:48Z","updated_at":"2021-01-29T03:15:26Z","private_gists":0,"total_private_repos":5,"owned_private_repos":5,"disk_usage":53482,"collaborators":1,"two_factor_authentication":false,"plan":{"name":"free","space":976562499,"collaborators":0,"private_repos":10000}}
[info] 
[info] +  Success! Logged into GitHub as Pthipkump 
[info] 
[debug] [2021-01-29T03:18:34.926Z] >>> [apiv2][query] GET https://api.github.com/repos/https://github.com/Pthipkump/app_deploy_firebase.git/actions/secrets/public-key type=owner
[debug] [2021-01-29T03:18:35.347Z] <<< [apiv2][status] GET https://api.github.com/repos/https://github.com/Pthipkump/app_deploy_firebase.git/actions/secrets/public-key 404
[debug] [2021-01-29T03:18:35.347Z] <<< [apiv2][body] GET https://api.github.com/repos/https://github.com/Pthipkump/app_deploy_firebase.git/actions/secrets/public-key {"message":"Not Found","documentation_url":"https://docs.github.com/rest"}
[debug] [2021-01-29T03:19:19.294Z] >>> [apiv2][query] GET https://api.github.com/repos/Users\Siamdapp\Desktop\Champ-Bootstrap/actions/secrets/public-key type=owner
[debug] [2021-01-29T03:19:19.702Z] <<< [apiv2][status] GET https://api.github.com/repos/Users\Siamdapp\Desktop\Champ-Bootstrap/actions/secrets/public-key 404
[debug] [2021-01-29T03:19:19.703Z] <<< [apiv2][body] GET https://api.github.com/repos/Users\Siamdapp\Desktop\Champ-Bootstrap/actions/secrets/public-key {"message":"Not Found","documentation_url":"https://docs.github.com/rest"}
[debug] [2021-01-29T03:20:40.573Z] >>> [apiv2][query] GET https://api.github.com/repos/user/Siamdapp/Desktop/Champ-Bootstrap/actions/secrets/public-key type=owner
[debug] [2021-01-29T03:20:40.978Z] <<< [apiv2][status] GET https://api.github.com/repos/user/Siamdapp/Desktop/Champ-Bootstrap/actions/secrets/public-key 404
[debug] [2021-01-29T03:20:40.978Z] <<< [apiv2][body] GET https://api.github.com/repos/user/Siamdapp/Desktop/Champ-Bootstrap/actions/secrets/public-key {"message":"Not Found","documentation_url":"https://docs.github.com/rest"}
